<?xml version="1.0" encoding="UTF-8"?>
<testng-results ignored="0" total="1" passed="1" failed="0" skipped="0">
  <reporter-output>
  </reporter-output>
  <suite started-at="2022-06-21T15:54:58 PDT" name="Default suite" finished-at="2022-06-21T15:55:10 PDT" duration-ms="11745">
    <groups>
      <group name="cucumber">
        <method signature="AbstractTestNGCucumberTests.feature(cucumber.api.testng.CucumberFeatureWrapper)[pri:0, instance:com.rose.garden.TestRunner@55536d9e]" name="feature" class="cucumber.api.testng.AbstractTestNGCucumberTests"/>
      </group> <!-- cucumber -->
    </groups>
    <test started-at="2022-06-21T15:54:58 PDT" name="Default test" finished-at="2022-06-21T15:55:10 PDT" duration-ms="11745">
      <class name="com.rose.garden.TestRunner">
        <test-method is-config="true" signature="setUpClass()[pri:0, instance:com.rose.garden.TestRunner@55536d9e]" started-at="2022-06-21T15:54:58 PDT" name="setUpClass" finished-at="2022-06-21T15:54:58 PDT" duration-ms="150" status="PASS">
          <reporter-output>
          </reporter-output>
        </test-method> <!-- setUpClass -->
        <test-method signature="feature(cucumber.api.testng.CucumberFeatureWrapper)[pri:0, instance:com.rose.garden.TestRunner@55536d9e]" started-at="2022-06-21T15:54:58 PDT" name="feature" description="Runs Cucumber Feature" data-provider="features" finished-at="2022-06-21T15:55:10 PDT" duration-ms="11501" status="PASS">
          <params>
            <param index="0">
              <value>
                <![CDATA[This is a DemoBlaze Contact functionality]]>
              </value>
            </param>
          </params>
          <reporter-output>
          </reporter-output>
        </test-method> <!-- feature -->
        <test-method is-config="true" signature="tearDownClass()[pri:0, instance:com.rose.garden.TestRunner@55536d9e]" started-at="2022-06-21T15:55:10 PDT" name="tearDownClass" finished-at="2022-06-21T15:55:10 PDT" duration-ms="9" status="PASS">
          <reporter-output>
          </reporter-output>
        </test-method> <!-- tearDownClass -->
      </class> <!-- com.rose.garden.TestRunner -->
    </test> <!-- Default test -->
  </suite> <!-- Default suite -->
</testng-results>
